#INFO: **** input file is /projects/joku8258/QMC/VMC/examples/NEVPT2/benzene/benzene.py ****
import numpy as np
from pyscf import gto, scf,cc, dft, mcscf
from pyscf.shciscf import shci
from pyscf.tools import molden
import QMCUtils
import os

nproc = 3
dice_binary = "/projects/joku8258/software/Dice/Dice"
vmc_root = "/projects/joku8258/QMC/VMC/"


mol = gto.Mole()
mol.atom = '''
C      0.000000    1.392503    0.000000
C     -1.205943    0.696252    0.000000
C     -1.205943   -0.696252    0.000000
C      0.000000   -1.392503    0.000000
C      1.205943   -0.696252    0.000000
C      1.205943    0.696252    0.000000
H     -2.141717    1.236521    0.000000
H     -2.141717   -1.236521    0.000000
H      0.000000   -2.473041    0.000000
H      2.141717   -1.236521    0.000000
H      2.141717    1.236521    0.000000
H      0.000000    2.473041    0.000000
'''

mol.basis = '6-31+G(d)'
mol.symmetry = True
mol.spin = 0 # This is the difference in \alpha and \beta electrons so a value of 2 indicates a triplet.
mol.charge = 0
mol.verbose = 4
mol.build()
mf = scf.RHF(mol)
mf.conv_tol = 1e-9
mf.kernel()

from pyscf.tools import molden
with open('benzene_gs.molden','w') as f:
    molden.header(mol, f)
    molden.orbital_coeff(mol, f, mf.mo_coeff, ene=mf.mo_energy, occ=mf.mo_occ)
    
norbFrozen = 6		# number of electrons to correlate (1s electrons of 6 Carbon)

print("CASSCF calc")
state_id = 0
mc0                  = mcscf.CASSCF(mf, 6, 6)#.state_specific_(state_id) #.state_average_(weights)
mc0.frozen = norbFrozen
mc0.fcisolver.wfnsym = 'Ag'
mc0.fcisolver.spin = 0
mc0.fix_spin_(ss=0)
mo = mc0.sort_mo_by_irrep({'Ag': 0,'B1g': 0, 'B2g': 1, 'B3g':2,'Au': 1, 'B1u':2, 'B2u':0, 'B3u':0}, {'Ag': 6,'B1g': 3, 'B2g': 0, 'B3g':0,'Au': 0, 'B1u':0, 'B2u':5, 'B3u':4})
mc0.mc1step(mo)

print("\nPreparing Dice calculation")
# dummy shciscf object for specifying options
mc = shci.SHCISCF(mf, 6, 6)
mc.mo_coeff = mc0.mo_coeff
mc.fcisolver.sweep_iter = [ 0 ]
mc.fcisolver.sweep_epsilon = [ 1e-5 ]
mc.fcisolver.davidsonTol = 5.e-5
mc.fcisolver.dE = 1.e-6
mc.fcisolver.maxiter = 6
mc.fcisolver.nPTiter = 0
mc.fcisolver.scratchDirectory = "./" #So that RDM files are present in the folder itself
shci.dryrun(mc, mc.mo_coeff)
command = "mv input.dat dice.dat"
os.system(command)
with open("dice.dat", "a") as fh:
  fh.write("DoRDM\nDoSpinRDM\nprintalldeterminants")

# run dice calculation
print("Starting Dice calculation")
command = f"mpirun -np {nproc} {dice_binary} dice.dat > dice.out; rm -f *.bkp shci.e"
os.system(command)
print("Finished Dice calculation\n")

QMCUtils.run_nevpt2(mc,nelecAct=6,numAct=6,norbFrozen=6,nproc=nproc,numSCSamples=1000,diceoutfile="dice.out",vmc_root=vmc_root)



 
#INFO: ******************** input file end ********************


System: uname_result(system='Linux', node='bnode0308.rc.int.colorado.edu', release='3.10.0-693.37.4.el7.x86_64', version='#1 SMP Fri Aug 10 12:34:55 EDT 2018', machine='x86_64')  Threads 1
Python 3.9.7 (default, Sep 16 2021, 13:09:58) 
[GCC 7.5.0]
numpy 1.20.3  scipy 1.7.1
Date: Tue Jun 28 12:51:03 2022
PySCF version 2.0.1
PySCF path  /projects/joku8258/anaconda3/lib/python3.9/site-packages/pyscf

[CONFIG] conf_file None
[INPUT] verbose = 4
[INPUT] num. atoms = 12
[INPUT] num. electrons = 42
[INPUT] charge = 0
[INPUT] spin (= nelec alpha-beta = 2S) = 0
[INPUT] symmetry True subgroup None
[INPUT] Mole.unit = angstrom
[INPUT]  1 C      0.000000000000   1.392503000000   0.000000000000 AA    0.000000000000   2.631449297635   0.000000000000 Bohr
[INPUT]  2 C     -1.205943000000   0.696252000000   0.000000000000 AA   -2.278901991836   1.315725593681   0.000000000000 Bohr
[INPUT]  3 C     -1.205943000000  -0.696252000000   0.000000000000 AA   -2.278901991836  -1.315725593681   0.000000000000 Bohr
[INPUT]  4 C      0.000000000000  -1.392503000000   0.000000000000 AA    0.000000000000  -2.631449297635   0.000000000000 Bohr
[INPUT]  5 C      1.205943000000  -0.696252000000   0.000000000000 AA    2.278901991836  -1.315725593681   0.000000000000 Bohr
[INPUT]  6 C      1.205943000000   0.696252000000   0.000000000000 AA    2.278901991836   1.315725593681   0.000000000000 Bohr
[INPUT]  7 H     -2.141717000000   1.236521000000   0.000000000000 AA   -4.047258566325   2.336686037273   0.000000000000 Bohr
[INPUT]  8 H     -2.141717000000  -1.236521000000   0.000000000000 AA   -4.047258566325  -2.336686037273   0.000000000000 Bohr
[INPUT]  9 H      0.000000000000  -2.473041000000   0.000000000000 AA    0.000000000000  -4.673370184821   0.000000000000 Bohr
[INPUT] 10 H      2.141717000000  -1.236521000000   0.000000000000 AA    4.047258566325  -2.336686037273   0.000000000000 Bohr
[INPUT] 11 H      2.141717000000   1.236521000000   0.000000000000 AA    4.047258566325   2.336686037273   0.000000000000 Bohr
[INPUT] 12 H      0.000000000000   2.473041000000   0.000000000000 AA    0.000000000000   4.673370184821   0.000000000000 Bohr

nuclear repulsion = 203.879818285464
point group symmetry = D2h
num. orbitals of irrep Ag = 26
num. orbitals of irrep B1g = 19
num. orbitals of irrep B2g = 6
num. orbitals of irrep B3g = 9
num. orbitals of irrep Au = 6
num. orbitals of irrep B1u = 9
num. orbitals of irrep B2u = 26
num. orbitals of irrep B3u = 19
number of shells = 60
number of NR pGTOs = 210
number of NR cGTOs = 120
basis = 6-31+G(d)
ecp = {}
CPU time:         0.86


******** <class 'pyscf.scf.hf_symm.SymAdaptedRHF'> ********
method = SymAdaptedRHF-RHF
initial guess = minao
damping factor = 0
level_shift factor = 0
DIIS = <class 'pyscf.scf.diis.CDIIS'>
diis_start_cycle = 1
diis_space = 8
SCF conv_tol = 1e-09
SCF conv_tol_grad = None
SCF max_cycles = 50
direct_scf = True
direct_scf_tol = 1e-13
chkfile to save SCF result = /rc_scratch/joku8258/nip/tmpv9c8nuq8
max_memory 4000 MB (current use 112 MB)
Freeze 0 electrons in irreps []
    42 free electrons in irreps Ag B1g B2g B3g Au B1u B2u B3u
Set gradient conv threshold to 3.16228e-05
init E= -232.402332457696
HOMO (B2g) = -0.251232024950841  LUMO (Au) = 0.035329462995146
cycle= 1 E= -230.648034164135  delta_E= 1.75  |g|= 0.394  |ddm|= 8.69
HOMO (B2g) = -0.35488724391035  LUMO (Ag) = 0.0814200792721082
cycle= 2 E= -230.705984075496  delta_E= -0.0579  |g|= 0.102  |ddm|= 3.01
HOMO (B2g) = -0.329370653378087  LUMO (Ag) = 0.0853814639958205
cycle= 3 E= -230.710148852821  delta_E= -0.00416  |g|= 0.0245  |ddm|= 1.48
HOMO (B2g) = -0.337888299653997  LUMO (Ag) = 0.0846554925727989
cycle= 4 E= -230.710338612475  delta_E= -0.00019  |g|= 0.0054  |ddm|= 0.0412
HOMO (B2g) = -0.3368621610337  LUMO (Ag) = 0.084631245752693
cycle= 5 E= -230.710350130059  delta_E= -1.15e-05  |g|= 0.001  |ddm|= 0.0333
HOMO (B2g) = -0.336570259732298  LUMO (Ag) = 0.0846234610626108
cycle= 6 E= -230.71035098116  delta_E= -8.51e-07  |g|= 0.000186  |ddm|= 0.0043
HOMO (B2g) = -0.336563190169701  LUMO (Ag) = 0.0846156521154512
cycle= 7 E= -230.71035100885  delta_E= -2.77e-08  |g|= 1.55e-05  |ddm|= 0.000844
HOMO (B2g) = -0.336565712792809  LUMO (Ag) = 0.0846147624077343
cycle= 8 E= -230.710351008962  delta_E= -1.12e-10  |g|= 1.74e-06  |ddm|= 0.000181
HOMO (B2g) = -0.336565675339112  LUMO (Ag) = 0.0846148002127389
Extra cycle  E= -230.710351008964  delta_E= -1.99e-12  |g|= 5.63e-07  |ddm|= 2.11e-05
converged SCF energy = -230.710351008964
CASSCF calc
ncore for each irreps {'Ag': 6, 'B1g': 3, 'B2g': 0, 'B3g': 0, 'Au': 0, 'B1u': 0, 'B2u': 5, 'B3u': 4}
ncas for each irreps {'Ag': 0, 'B1g': 0, 'B2g': 1, 'B3g': 2, 'Au': 1, 'B1u': 2, 'B2u': 0, 'B3u': 0}
(0-based) caslst = [16 19 20 26 27 30]

******** <class 'pyscf.mcscf.mc1step_symm.SymAdaptedCASSCF'> ********
CAS (3e+3e, 6o), ncore = 18, nvir = 96
frozen orbitals 6
max_cycle_macro = 50
max_cycle_micro = 4
conv_tol = 1e-07
conv_tol_grad = None
orbital rotation max_stepsize = 0.02
augmented hessian ah_max_cycle = 30
augmented hessian ah_conv_tol = 1e-12
augmented hessian ah_linear dependence = 1e-14
augmented hessian ah_level shift = 1e-08
augmented hessian ah_start_tol = 2.5
augmented hessian ah_start_cycle = 3
augmented hessian ah_grad_trust_region = 3
kf_trust_region = 3
kf_interval = 4
ci_response_space = 4
ci_grad_trust_region = 3
with_dep4 0
natorb = False
canonicalization = True
sorting_mo_energy = False
ao2mo_level = 2
chkfile = /rc_scratch/joku8258/nip/tmpv9c8nuq8
max_memory 4000 MB (current use 338 MB)
internal_rotation = False
******** <class 'pyscf.fci.direct_spin1_symm.FCISolver'> ********
max. cycles = 50
conv_tol = 1e-08
davidson only = True
linear dependence = 1e-10
level shift = 0.001
max iter space = 12
max_memory 4000 MB
nroots = 1
pspace_size = 0
spin = 0
Input CI wfn symmetry = Ag
Active space CI wfn symmetry = Ag
CASCI E = -230.727058169628  S^2 = 0.0000000
Set conv_tol_grad to 0.000316228
macro iter 1 (21 JK  4 micro), CASSCF E = -230.746839183337  dE = -0.019781014  S^2 = 0.0000000
               |grad[o]|=0.0221  |grad[c]|= 0.019663200232280898  |ddm|=0.0483
macro iter 2 (21 JK  4 micro), CASSCF E = -230.75528875258  dE = -0.0084495692  S^2 = 0.0000000
               |grad[o]|=0.0192  |grad[c]|= 0.015658857044784164  |ddm|=0.017
macro iter 3 (21 JK  4 micro), CASSCF E = -230.763672281245  dE = -0.0083835287  S^2 = 0.0000000
               |grad[o]|=0.0129  |grad[c]|= 0.013285402853617916  |ddm|=0.0202
macro iter 4 (21 JK  4 micro), CASSCF E = -230.773223799071  dE = -0.0095515178  S^2 = 0.0000000
               |grad[o]|=0.0172  |grad[c]|= 0.011687030790969211  |ddm|=0.0229
macro iter 5 (21 JK  4 micro), CASSCF E = -230.780211694929  dE = -0.0069878959  S^2 = 0.0000000
               |grad[o]|=0.0169  |grad[c]|= 0.008279544038095202  |ddm|=0.018
macro iter 6 (17 JK  4 micro), CASSCF E = -230.781917935808  dE = -0.0017062409  S^2 = 0.0000000
               |grad[o]|=0.00943  |grad[c]|= 0.0032164180020045566  |ddm|=0.00956
macro iter 7 (3 JK  1 micro), CASSCF E = -230.781918010693  dE = -7.4884298e-08  S^2 = 0.0000000
               |grad[o]|=0.000303  |grad[c]|= 6.841467759930493e-05  |ddm|=0.000172
1-step CASSCF converged in 7 macro (125 JK 25 micro) steps
CASSCF canonicalization
Density matrix diagonal elements [1.96113066 1.90249548 1.90271269 0.0986714  0.09866967 0.03632011]
CASSCF energy = -230.781918010693
CASCI E = -230.781918010693  E(CI) = -6.46546404470345  S^2 = 0.0000000

Preparing Dice calculation
Starting Dice calculation
Finished Dice calculation

Running ICPT

trace of 2rdm 30.000000471249223
trace of 1rdm 6.000000094249844
Producing the integrals
......production of INT took       0.83 sec

Energy_nuc  =  203.87981829
Energy_core = -428.19627225
Energy      = -230.78191810

WARNING: Have to use natural orbitals from CAASCF
         offdiagonal elements:      0.000607

Basic ingredients written to int/ 0 18 24 120
......savings of INGREDIENTS took       0.21 sec

/projects/joku8258/QMC/VMC//bin/ICPT NEVPT2_ACVV.inp > acvv.out
/projects/joku8258/QMC/VMC//bin/ICPT NEVPT2_CCAV.inp > ccav.out
/projects/joku8258/QMC/VMC//bin/ICPT NEVPT2_CCVV.inp > ccvv.out
Finished running ICPT

Writing NEVPT2 input
Running NEVPT2
CAS energy: -230.781918
SC-NEVPT2(s) second-order energy: -0.1568524426
Total SC-NEVPT(s) energy: -230.9387705
SC-NEVPT2(s) second-order energy with CCVV:  -0.529385898
Total SC-NEVPT2(s) energy with CCVV:  -231.3113039

Total Energy (including CCAV,CCVV,ACVV) = -231.46892470693368 +/- 0.000745829975039
