{
    "wavefunction": {
        "name": "scci",
        "numAct": "8",
        "overlapCutoff": "1.0e-8",
        "determinants": "dets"
    },
    "sampling": {
        "stochasticIter": "2000",
        "epsilon": "1.0e-8",
        "seed": "13290"
    },
    "optimizer": {
        "restart": "false",
        "diagMethod": "davidson",
        "method": "amsgrad",
        "maxIter": "30",
        "stepsize": "0.1",
        "decay1": "0.5",
        "decay2": "1"
    },
    "print": {
        "vrs": "true"
    }
}

    0  -108.95546512 (9.29e-03)     0.23225595      1.0       2000  2.850208     0.00    44.53
    1  -109.13032112 (6.10e-03)     0.08125327      1.0       2000  2.616977    57.04    86.71
    2  -109.22420477 (3.80e-03)     0.05951028      1.0       2000  1.963221    45.05   126.71
    3  -109.25459309 (2.83e-03)     0.02713380      1.0       2000  1.488255    56.34   164.17
    4  -109.26545890 (2.45e-03)     0.03067260      1.0       2000  1.193507    60.65   200.70
    5  -109.27116835 (2.23e-03)     0.02862657      1.0       2000  1.002428    62.21   237.44
    6  -109.27552554 (2.02e-03)     0.01880440      1.0       2000  0.920691    65.95   274.04
    7  -109.27813952 (1.82e-03)     0.00919479      1.0       2000  0.843298    65.64   310.86
    8  -109.27910105 (1.73e-03)     0.00816600      1.0       2000  0.776356    65.84   347.40
    9  -109.28006752 (1.72e-03)     0.01272059      1.0       2000  0.702950    65.74   384.12
   10  -109.27996489 (1.53e-03)     0.00859356      1.0       2000  0.662811    66.76   420.96
   11  -109.28064009 (1.61e-03)     0.01222899      1.0       2000  0.632255    66.88   457.39
   12  -109.28080041 (1.47e-03)     0.00363337      1.0       2000  0.582159    69.44   493.97
   13  -109.28085825 (1.38e-03)     0.00324034      1.0       2000  0.580497    72.20   530.12
   14  -109.28109259 (1.63e-03)     0.00795591      1.0       2000  0.579083    69.59   567.74
   15  -109.28107444 (1.45e-03)     0.00300523      1.0       2000  0.587020    69.66   604.25
   16  -109.28138953 (1.86e-03)     0.05407177      1.0       2000  0.529037    69.24   640.60
   17  -109.28114792 (1.87e-03)     0.00453336      1.0       2000  0.511561    70.51   676.55
   18  -109.28173154 (1.41e-03)     0.00392390      1.0       2000  0.524133    72.77   712.80
   19  -109.28172282 (1.90e-03)     0.04184239      1.0       2000  0.489296    72.43   749.25
   20  -109.28147392 (1.57e-03)     0.01303768      1.0       2000  0.479665    73.11   785.69
   21  -109.28168327 (1.41e-03)     0.00225183      1.0       2000  0.480515    71.77   821.95
   22  -109.28132234 (2.29e-03)     0.11590499      1.0       2000  0.471973    76.31   859.15
   23  -109.28221591 (1.33e-03)     0.00195379      1.0       2000  0.472094    69.28   896.42
   24  -109.28234449 (1.33e-03)     0.00214726      1.0       2000  0.479995    73.00   932.88
   25  -109.28225408 (1.35e-03)     0.00186617      1.0       2000  0.456476    67.17   969.56
   26  -109.28230859 (1.47e-03)     0.00364593      1.0       2000  0.452807    72.85  1005.74
   27  -109.28189268 (1.41e-03)     0.00205791      1.0       2000  0.457527    70.51  1042.00
   28  -109.28205821 (1.37e-03)     0.00234786      1.0       2000  0.460621    73.10  1078.41
   29  -109.28237363 (1.41e-03)     0.00200569      1.0       2000  0.424384    70.52  1114.62
energy of sampling wavefunction   -109.282381769
correctionFactor   0.94676186717
SCCI+Q energy = ene + (1 - correctionFactor) * (ene - ene0)
