{
    "wavefunction": {
        "name": "scci",
        "numAct": "8",
        "determinants": "dets",
        "overlapCutoff": "1.0e-8"
    },
    "sampling": {
        "stochasticIter": "100",
        "seedq": "139",
        "epsilon": "1.0e-8"
    },
    "optimizer": {
        "method": "amsgrad",
        "maxIter": "50",
        "stepsize": "0.1",
        "decay1": "0.5",
        "decay2": "1",
        "diagMethod": "power",
        "powerShift": "5"
    },
    "print": {
        "vars1": "true"
    }
}

    0    -4.39140837 (8.04e-03)     0.02135646      1.0        100  0.377481     0.00     3.69
    1    -4.39787074 (5.63e-03)     0.01517839      1.0        100  0.374873    37.70     7.29
    2    -4.40287894 (4.79e-03)     0.01366763      1.0        100  0.322738    33.04    10.92
    3    -4.40741977 (6.14e-03)     0.02072141      1.0        100  0.304233    45.57    14.62
    4    -4.40996098 (3.33e-03)     0.00754100      1.0        100  0.261499    50.05    18.01
    5    -4.41234075 (3.20e-03)     0.00773012      1.0        100  0.266317    51.27    21.27
    6    -4.41309788 (2.37e-03)     0.00443777      1.0        100  0.206540    57.10    24.58
    7    -4.41329491 (2.62e-03)     0.00507250      1.0        100  0.181963    62.44    27.94
    8    -4.41391605 (2.07e-03)     0.00314433      1.0        100  0.179930    52.58    31.28
    9    -4.41378185 (3.21e-03)     0.01300389      1.0        100  0.145252    65.80    34.63
   10    -4.41426848 (2.01e-03)     0.00301561      1.0        100  0.111904    44.67    38.02
   11    -4.41437673 (1.80e-03)     0.00302131      1.0        100  0.111661    54.80    41.37
   12    -4.41419349 (1.54e-03)     0.00225337      1.0        100  0.076268    40.12    44.85
   13    -4.41461153 (1.66e-03)     0.00142216      1.0        100  0.100903    66.78    48.09
   14    -4.41466833 (1.49e-03)     0.00114302      1.0        100  0.066220    42.46    51.38
   15    -4.41452842 (1.53e-03)     0.00165933      1.0        100  0.098055    82.03    54.66
   16    -4.41463010 (1.64e-03)     0.00265294      1.0        100  0.094140    65.23    58.01
   17    -4.41488880 (1.45e-03)     0.00086020      1.0        100  0.105679    73.19    61.31
   18    -4.41443342 (1.79e-03)     0.00139128      1.0        100  0.084845    70.55    64.58
   19    -4.41432649 (3.74e-03)     0.01847572      1.0        100  0.120440    72.51    67.90
[mpiexec@shas0858.rc.int.colorado.edu] Sending Ctrl-C to processes as requested
[mpiexec@shas0858.rc.int.colorado.edu] Press Ctrl-C again to force abort
